#
# A fatal error has been detected by the Java Runtime Environment:
#
#  EXCEPTION_ACCESS_VIOLATION (0xc0000005) at pc=0x0000000072dfa7a4, pid=10220, tid=0x0000000000002d24
#
# JRE version: Java(TM) SE Runtime Environment (8.0_172-b11) (build 1.8.0_172-b11)
# Java VM: Java HotSpot(TM) 64-Bit Server VM (25.172-b11 mixed mode windows-amd64 compressed oops)
# Problematic frame:
# V  [jvm.dll+0x5a7a4]
#
# Failed to write core dump. Minidumps are not enabled by default on client versions of Windows
#
# If you would like to submit a bug report, please visit:
#   http://bugreport.java.com/bugreport/crash.jsp
#

---------------  T H R E A D  ---------------

Current thread (0x00000000054d7000):  JavaThread "main" [_thread_in_vm, idNo=11556, stack(0x00000000052d0000,0x00000000053d0000)]

siginfo: ExceptionCode=0xc0000005, reading address 0x0000000036b82965

Registers:
RAX=0x0000000036b82965, RBX=0x00000000054d7630, RCX=0x00000000053cca80, RDX=0x00000000053cc5f0
RSP=0x00000000053cc260, RBP=0x00000000053cc370, RSI=0x00000000054d7000, RDI=0x00000000052cd360
R8 =0x00000000053ccca0, R9 =0x0000000000000000, R10=0x00000000053cca80, R11=0x0000000000000246
R12=0x00000000054d7670, R13=0x00000000054d7a18, R14=0x00000000000003d8, R15=0x00000000053cc5f0
RIP=0x0000000072dfa7a4, EFLAGS=0x0000000000010246

Top of Stack: (sp=0x00000000053cc260)
0x00000000053cc260:   00000000053cc5f0 0000000005525070
0x00000000053cc270:   0000000000000008 00000000054d7000
0x00000000053cc280:   0000000000000000 0000000000000000
0x00000000053cc290:   0000000000000000 0000000000000000
0x00000000053cc2a0:   0000000000000000 0000000000000000
0x00000000053cc2b0:   0000000000000000 0000000000000000
0x00000000053cc2c0:   0000000000000000 0000000000000000
0x00000000053cc2d0:   0000000000000000 0000000000000000
0x00000000053cc2e0:   00000000054d7000 000000001ed23028
0x00000000053cc2f0:   0000000000000000 0000000000000000
0x00000000053cc300:   00000000053cc401 00000000052cd360
0x00000000053cc310:   00000000054d7630 00000000054d7670
0x00000000053cc320:   00000000054d7a18 00000000000003d8
0x00000000053cc330:   0001000000010009 00000000052cd380
0x00000000053cc340:   00000000052cd370 00000000052cd378
0x00000000053cc350:   0000000700020001 000000e6053c0000 

Instructions: (pc=0x0000000072dfa7a4)
0x0000000072dfa784:   8b 45 d0 48 8b 4d d8 48 89 18 4c 89 21 48 8b 4d
0x0000000072dfa794:   c8 4c 89 29 49 8b c7 e9 bb 15 00 00 49 8b 40 10
0x0000000072dfa7a4:   0f b7 08 48 8d 50 02 49 89 50 10 0f b6 c1 66 89
0x0000000072dfa7b4:   8d a8 00 00 00 0f b7 0a 66 c1 e0 08 44 0f b7 f8 


Register to memory mapping:

RAX=0x0000000036b82965 is an unknown value
RBX=0x00000000054d7630 is an unknown value
RCX=0x00000000053cca80 is pointing into the stack for thread: 0x00000000054d7000
RDX=0x00000000053cc5f0 is pointing into the stack for thread: 0x00000000054d7000
RSP=0x00000000053cc260 is pointing into the stack for thread: 0x00000000054d7000
RBP=0x00000000053cc370 is pointing into the stack for thread: 0x00000000054d7000
RSI=0x00000000054d7000 is a thread
RDI=0x00000000052cd360 is an unknown value
R8 =0x00000000053ccca0 is pointing into the stack for thread: 0x00000000054d7000
R9 =0x0000000000000000 is an unknown value
R10=0x00000000053cca80 is pointing into the stack for thread: 0x00000000054d7000
R11=0x0000000000000246 is an unknown value
R12=0x00000000054d7670 is an unknown value
R13=0x00000000054d7a18 is an unknown value
R14=0x00000000000003d8 is an unknown value
R15=0x00000000053cc5f0 is pointing into the stack for thread: 0x00000000054d7000


Stack: [0x00000000052d0000,0x00000000053d0000],  sp=0x00000000053cc260,  free space=1008k
Native frames: (J=compiled Java code, j=interpreted, Vv=VM code, C=native code)
V  [jvm.dll+0x5a7a4]
V  [jvm.dll+0x5be9e]
V  [jvm.dll+0x5db11]
V  [jvm.dll+0x7cca4]
V  [jvm.dll+0x192f41]
V  [jvm.dll+0x1932db]
C  [java.dll+0x1ead]
C  0x00000000055e8c67

Java frames: (J=compiled Java code, j=interpreted, Vv=VM code)
j  java.lang.ClassLoader.defineClass1(Ljava/lang/String;[BIILjava/security/ProtectionDomain;Ljava/lang/String;)Ljava/lang/Class;+0
j  java.lang.ClassLoader.defineClass(Ljava/lang/String;[BIILjava/security/ProtectionDomain;)Ljava/lang/Class;+27
j  java.security.SecureClassLoader.defineClass(Ljava/lang/String;[BIILjava/security/CodeSource;)Ljava/lang/Class;+12
j  java.net.URLClassLoader.defineClass(Ljava/lang/String;Lsun/misc/Resource;)Ljava/lang/Class;+138
j  java.net.URLClassLoader.access$100(Ljava/net/URLClassLoader;Ljava/lang/String;Lsun/misc/Resource;)Ljava/lang/Class;+3
j  java.net.URLClassLoader$1.run()Ljava/lang/Class;+43
j  java.net.URLClassLoader$1.run()Ljava/lang/Object;+1
v  ~StubRoutines::call_stub
j  java.security.AccessController.doPrivileged(Ljava/security/PrivilegedExceptionAction;Ljava/security/AccessControlContext;)Ljava/lang/Object;+0
j  java.net.URLClassLoader.findClass(Ljava/lang/String;)Ljava/lang/Class;+13
j  java.lang.ClassLoader.loadClass(Ljava/lang/String;Z)Ljava/lang/Class;+70
j  sun.misc.Launcher$AppClassLoader.loadClass(Ljava/lang/String;Z)Ljava/lang/Class;+81
j  java.lang.ClassLoader.loadClass(Ljava/lang/String;)Ljava/lang/Class;+3
v  ~StubRoutines::call_stub
j  com.sit.SpringbootApplication.main([Ljava/lang/String;)V+3
v  ~StubRoutines::call_stub

---------------  P R O C E S S  ---------------

Java Threads: ( => current thread )
  0x0000000021b7b000 JavaThread "RMI TCP Accept-0" daemon [_thread_in_native, idNo=11512, stack(0x0000000022840000,0x0000000022940000)]
  0x0000000021b0d800 JavaThread "RMI TCP Accept-62830" daemon [_thread_in_native, idNo=16092, stack(0x0000000022740000,0x0000000022840000)]
  0x0000000021b09800 JavaThread "RMI TCP Accept-0" daemon [_thread_in_native, idNo=21180, stack(0x0000000022640000,0x0000000022740000)]
  0x0000000021850800 JavaThread "Service Thread" daemon [_thread_blocked, idNo=14492, stack(0x0000000022540000,0x0000000022640000)]
  0x0000000021848800 JavaThread "C1 CompilerThread3" daemon [_thread_blocked, idNo=19836, stack(0x0000000022440000,0x0000000022540000)]
  0x000000002126e000 JavaThread "C2 CompilerThread2" daemon [_thread_blocked, idNo=20840, stack(0x0000000022340000,0x0000000022440000)]
  0x000000002126d800 JavaThread "C2 CompilerThread1" daemon [_thread_blocked, idNo=20688, stack(0x0000000022240000,0x0000000022340000)]
  0x000000002127e000 JavaThread "C2 CompilerThread0" daemon [_thread_blocked, idNo=12684, stack(0x0000000022140000,0x0000000022240000)]
  0x000000002124a000 JavaThread "Monitor Ctrl-Break" daemon [_thread_in_native, idNo=11388, stack(0x0000000022040000,0x0000000022140000)]
  0x0000000020f1c000 JavaThread "Attach Listener" daemon [_thread_blocked, idNo=13440, stack(0x0000000021740000,0x0000000021840000)]
  0x0000000020f78000 JavaThread "Signal Dispatcher" daemon [_thread_blocked, idNo=14880, stack(0x0000000021640000,0x0000000021740000)]
  0x00000000055cd800 JavaThread "Finalizer" daemon [_thread_blocked, idNo=20804, stack(0x00000000212e0000,0x00000000213e0000)]
  0x000000001effd000 JavaThread "Reference Handler" daemon [_thread_blocked, idNo=1156, stack(0x0000000020de0000,0x0000000020ee0000)]
=>0x00000000054d7000 JavaThread "main" [_thread_in_vm, idNo=11556, stack(0x00000000052d0000,0x00000000053d0000)]

Other Threads:
  0x000000001eff8800 VMThread [stack: 0x0000000020ce0000,0x0000000020de0000] [idNo=10028]
  0x0000000021b23800 WatcherThread [stack: 0x0000000022940000,0x0000000022a40000] [idNo=17588]

VM state:not at safepoint (normal execution)

VM Mutex/Monitor currently owned by a thread: None

Heap:
 PSYoungGen      total 76288K, used 18372K [0x000000076b380000, 0x0000000770880000, 0x00000007c0000000)
  eden space 65536K, 28% used [0x000000076b380000,0x000000076c5711c8,0x000000076f380000)
  from space 10752K, 0% used [0x000000076fe00000,0x000000076fe00000,0x0000000770880000)
  to   space 10752K, 0% used [0x000000076f380000,0x000000076f380000,0x000000076fe00000)
 ParOldGen       total 175104K, used 0K [0x00000006c1a00000, 0x00000006cc500000, 0x000000076b380000)
  object space 175104K, 0% used [0x00000006c1a00000,0x00000006c1a00000,0x00000006cc500000)
 Metaspace       used 8106K, capacity 8366K, committed 8576K, reserved 1056768K
  class space    used 988K, capacity 1058K, committed 1152K, reserved 1048576K

Card table byte_map: [0x0000000014990000,0x0000000015190000] byte_map_base: 0x0000000011383000

Marking Bits: (ParMarkBitMap*) 0x00000000735c3c10
 Begin Bits: [0x0000000015ee0000, 0x0000000019e78000)
 End Bits:   [0x0000000019e78000, 0x000000001de10000)

Polling page: 0x0000000003220000

CodeCache: size=245760Kb used=1824Kb max_used=1824Kb free=243935Kb
 bounds [0x00000000055d0000, 0x0000000005840000, 0x00000000145d0000]
 total_blobs=879 nmethods=533 adapters=259
 compilation: enabled

Compilation events (10 events):
Event: 0.985 Thread 0x0000000021848800  529       1       java.nio.Buffer::checkIndex (22 bytes)
Event: 0.985 Thread 0x0000000021848800 nmethod 529 0x0000000005796450 code [0x00000000057965c0, 0x0000000005796788]
Event: 0.985 Thread 0x0000000021848800  530       1       java.nio.DirectLongBufferU::ix (10 bytes)
Event: 0.985 Thread 0x0000000021848800 nmethod 530 0x0000000005796850 code [0x00000000057969a0, 0x0000000005796ab0]
Event: 0.985 Thread 0x0000000021848800  531       1       sun.net.www.ParseUtil::encodePath (336 bytes)
Event: 0.986 Thread 0x0000000021848800 nmethod 531 0x0000000005796b10 code [0x0000000005796d20, 0x00000000057975f8]
Event: 0.986 Thread 0x0000000021848800  532       1       java.util.zip.Inflater::ensureOpen (47 bytes)
Event: 0.987 Thread 0x0000000021848800 nmethod 532 0x0000000005797c90 code [0x0000000005797e00, 0x0000000005797fe8]
Event: 0.987 Thread 0x0000000021848800  533       1       java.net.URL::getHost (5 bytes)
Event: 0.987 Thread 0x0000000021848800 nmethod 533 0x00000000057980d0 code [0x0000000005798220, 0x0000000005798330]

GC Heap History (0 events):
No events

Deoptimization events (0 events):
No events

Classes redefined (0 events):
No events

Internal exceptions (10 events):
Event: 0.585 Thread 0x00000000054d7000 Exception <a 'java/lang/ArrayIndexOutOfBoundsException'> (0x000000076ba77630) thrown at [C:\re\workspace\8-2-build-windows-amd64-cygwin\jdk8u172\10810\hotspot\src\share\vm\runtime\sharedRuntime.cpp, line 605]
Event: 0.592 Thread 0x00000000054d7000 Exception <a 'java/lang/ArrayIndexOutOfBoundsException'> (0x000000076baa45d0) thrown at [C:\re\workspace\8-2-build-windows-amd64-cygwin\jdk8u172\10810\hotspot\src\share\vm\runtime\sharedRuntime.cpp, line 605]
Event: 0.598 Thread 0x00000000054d7000 Exception <a 'java/lang/ArrayIndexOutOfBoundsException'> (0x000000076bac4ba0) thrown at [C:\re\workspace\8-2-build-windows-amd64-cygwin\jdk8u172\10810\hotspot\src\share\vm\runtime\sharedRuntime.cpp, line 605]
Event: 0.624 Thread 0x00000000054d7000 Exception <a 'java/security/PrivilegedActionException'> (0x000000076bb201b0) thrown at [C:\re\workspace\8-2-build-windows-amd64-cygwin\jdk8u172\10810\hotspot\src\share\vm\prims\jvm.cpp, line 1435]
Event: 0.624 Thread 0x00000000054d7000 Exception <a 'java/security/PrivilegedActionException'> (0x000000076bb203c0) thrown at [C:\re\workspace\8-2-build-windows-amd64-cygwin\jdk8u172\10810\hotspot\src\share\vm\prims\jvm.cpp, line 1435]
Event: 0.625 Thread 0x00000000054d7000 Exception <a 'java/security/PrivilegedActionException'> (0x000000076bb242d0) thrown at [C:\re\workspace\8-2-build-windows-amd64-cygwin\jdk8u172\10810\hotspot\src\share\vm\prims\jvm.cpp, line 1435]
Event: 0.625 Thread 0x00000000054d7000 Exception <a 'java/security/PrivilegedActionException'> (0x000000076bb244e0) thrown at [C:\re\workspace\8-2-build-windows-amd64-cygwin\jdk8u172\10810\hotspot\src\share\vm\prims\jvm.cpp, line 1435]
Event: 0.805 Thread 0x00000000054d7000 Exception <a 'java/lang/ClassNotFoundException': javax/management/remote/rmi/RMIJRMPServerImpl$ExportedWrapper_Stub> (0x000000076bd14e10) thrown at [C:\re\workspace\8-2-build-windows-amd64-cygwin\jdk8u172\10810\hotspot\src\share\vm\classfile\systemDiction
Event: 0.890 Thread 0x00000000054d7000 Exception <a 'java/lang/NoSuchFieldError': method resolution failed> (0x000000076be60b28) thrown at [C:\re\workspace\8-2-build-windows-amd64-cygwin\jdk8u172\10810\hotspot\src\share\vm\prims\methodHandles.cpp, line 1167]
Event: 0.893 Thread 0x00000000054d7000 Exception <a 'java/lang/NoSuchFieldError': method resolution failed> (0x000000076be6ed70) thrown at [C:\re\workspace\8-2-build-windows-amd64-cygwin\jdk8u172\10810\hotspot\src\share\vm\prims\methodHandles.cpp, line 1167]

Events (10 events):
Event: 0.977 loading class sun/launcher/LauncherHelper
Event: 0.978 loading class sun/launcher/LauncherHelper done
Event: 0.978 loading class com/sit/SpringbootApplication
Event: 0.978 loading class com/sit/SpringbootApplication done
Event: 0.983 loading class sun/misc/URLClassPath$FileLoader$1
Event: 0.983 loading class sun/misc/URLClassPath$FileLoader$1 done
Event: 0.985 loading class sun/launcher/LauncherHelper$FXHelper
Event: 0.985 loading class sun/launcher/LauncherHelper$FXHelper done
Event: 0.985 loading class org/springframework/boot/SpringApplication
Event: 0.985 loading class org/springframework/boot/SpringApplication done


Dynamic libraries:
0x00007ff655e50000 - 0x00007ff655e87000 	C:\Program Files\Java\jdk1.8.0_172\bin\java.exe
0x00007ffe78ab0000 - 0x00007ffe78c90000 	C:\WINDOWS\SYSTEM32\ntdll.dll
0x00007ffe762b0000 - 0x00007ffe7635e000 	C:\WINDOWS\System32\KERNEL32.DLL
0x00007ffe74eb0000 - 0x00007ffe75116000 	C:\WINDOWS\System32\KERNELBASE.dll
0x00007ffe77d70000 - 0x00007ffe77e11000 	C:\WINDOWS\System32\ADVAPI32.dll
0x00007ffe78580000 - 0x00007ffe7861d000 	C:\WINDOWS\System32\msvcrt.dll
0x00007ffe76580000 - 0x00007ffe765db000 	C:\WINDOWS\System32\sechost.dll
0x00007ffe78130000 - 0x00007ffe7824f000 	C:\WINDOWS\System32\RPCRT4.dll
0x00007ffe760b0000 - 0x00007ffe7623f000 	C:\WINDOWS\System32\USER32.dll
0x00007ffe75f60000 - 0x00007ffe75f80000 	C:\WINDOWS\System32\win32u.dll
0x00007ffe77d40000 - 0x00007ffe77d68000 	C:\WINDOWS\System32\GDI32.dll
0x00007ffe75320000 - 0x00007ffe754b3000 	C:\WINDOWS\System32\gdi32full.dll
0x00007ffe75280000 - 0x00007ffe7531b000 	C:\WINDOWS\System32\msvcp_win.dll
0x00007ffe75120000 - 0x00007ffe75216000 	C:\WINDOWS\System32\ucrtbase.dll
0x00007ffe6b940000 - 0x00007ffe6bba9000 	C:\WINDOWS\WinSxS\amd64_microsoft.windows.common-controls_6595b64144ccf1df_6.0.16299.371_none_15c7d1789365a290\COMCTL32.dll
0x00007ffe77e20000 - 0x00007ffe78128000 	C:\WINDOWS\System32\combase.dll
0x00007ffe75c60000 - 0x00007ffe75cd2000 	C:\WINDOWS\System32\bcryptPrimitives.dll
0x00007ffe76750000 - 0x00007ffe7677d000 	C:\WINDOWS\System32\IMM32.DLL
0x0000000074290000 - 0x0000000074362000 	C:\Program Files\Java\jdk1.8.0_172\jre\bin\msvcr100.dll
0x0000000072da0000 - 0x0000000073643000 	C:\Program Files\Java\jdk1.8.0_172\jre\bin\server\jvm.dll
0x00007ffe78620000 - 0x00007ffe78628000 	C:\WINDOWS\System32\PSAPI.DLL
0x00007ffe6cde0000 - 0x00007ffe6cde9000 	C:\WINDOWS\SYSTEM32\WSOCK32.dll
0x00007ffe76240000 - 0x00007ffe762ac000 	C:\WINDOWS\System32\WS2_32.dll
0x00007ffe71e40000 - 0x00007ffe71e63000 	C:\WINDOWS\SYSTEM32\WINMM.dll
0x00007ffe6f7e0000 - 0x00007ffe6f7ea000 	C:\WINDOWS\SYSTEM32\VERSION.dll
0x00007ffe71e10000 - 0x00007ffe71e3a000 	C:\WINDOWS\SYSTEM32\WINMMBASE.dll
0x00007ffe754c0000 - 0x00007ffe7550a000 	C:\WINDOWS\System32\cfgmgr32.dll
0x0000000074540000 - 0x000000007454f000 	C:\Program Files\Java\jdk1.8.0_172\jre\bin\verify.dll
0x0000000074510000 - 0x0000000074539000 	C:\Program Files\Java\jdk1.8.0_172\jre\bin\java.dll
0x00000000744c0000 - 0x00000000744e3000 	C:\Program Files\Java\jdk1.8.0_172\jre\bin\instrument.dll
0x00000000744f0000 - 0x0000000074506000 	C:\Program Files\Java\jdk1.8.0_172\jre\bin\zip.dll
0x00007ffe76780000 - 0x00007ffe77bb6000 	C:\WINDOWS\System32\SHELL32.dll
0x00007ffe784d0000 - 0x00007ffe78576000 	C:\WINDOWS\System32\shcore.dll
0x00007ffe75510000 - 0x00007ffe75c57000 	C:\WINDOWS\System32\windows.storage.dll
0x00007ffe78470000 - 0x00007ffe784c1000 	C:\WINDOWS\System32\shlwapi.dll
0x00007ffe74e00000 - 0x00007ffe74e11000 	C:\WINDOWS\System32\kernel.appcore.dll
0x00007ffe74e20000 - 0x00007ffe74e6c000 	C:\WINDOWS\System32\powrprof.dll
0x00007ffe74e90000 - 0x00007ffe74eab000 	C:\WINDOWS\System32\profapi.dll
0x00007ffe6ce70000 - 0x00007ffe6ce8a000 	C:\Program Files\JetBrains\IntelliJ IDEA 2018.1.4\bin\breakgen64.dll
0x0000000074440000 - 0x000000007445a000 	C:\Program Files\Java\jdk1.8.0_172\jre\bin\net.dll
0x00007ffe74620000 - 0x00007ffe74686000 	C:\WINDOWS\system32\mswsock.dll
0x00000000744b0000 - 0x00000000744bd000 	C:\Program Files\Java\jdk1.8.0_172\jre\bin\management.dll
0x0000000072ca0000 - 0x0000000072cb1000 	C:\Program Files\Java\jdk1.8.0_172\jre\bin\nio.dll
0x00007ffe64ea0000 - 0x00007ffe64eb6000 	C:\WINDOWS\system32\napinsp.dll
0x00007ffe64a20000 - 0x00007ffe64a3a000 	C:\WINDOWS\system32\pnrpnsp.dll
0x00007ffe71a30000 - 0x00007ffe71a48000 	C:\WINDOWS\system32\NLAapi.dll
0x00007ffe743f0000 - 0x00007ffe744a6000 	C:\WINDOWS\SYSTEM32\DNSAPI.dll
0x00007ffe76510000 - 0x00007ffe76518000 	C:\WINDOWS\System32\NSI.dll
0x00007ffe743b0000 - 0x00007ffe743e9000 	C:\WINDOWS\SYSTEM32\IPHLPAPI.DLL
0x00007ffe64a10000 - 0x00007ffe64a1e000 	C:\WINDOWS\System32\winrnr.dll
0x00007ffe649f0000 - 0x00007ffe64a05000 	C:\WINDOWS\System32\wshbth.dll
0x00007ffe67cf0000 - 0x00007ffe67cfa000 	C:\Windows\System32\rasadhlp.dll
0x00007ffe6abf0000 - 0x00007ffe6ac60000 	C:\WINDOWS\System32\fwpuclnt.dll
0x00007ffe748f0000 - 0x00007ffe74915000 	C:\WINDOWS\SYSTEM32\bcrypt.dll
0x00007ffe747e0000 - 0x00007ffe747f7000 	C:\WINDOWS\SYSTEM32\CRYPTSP.dll
0x00007ffe74220000 - 0x00007ffe74253000 	C:\WINDOWS\system32\rsaenh.dll
0x00007ffe74cc0000 - 0x00007ffe74ce9000 	C:\WINDOWS\SYSTEM32\USERENV.dll
0x00007ffe74800000 - 0x00007ffe7480b000 	C:\WINDOWS\SYSTEM32\CRYPTBASE.dll
0x00007ffe6fb30000 - 0x00007ffe6fb46000 	C:\WINDOWS\SYSTEM32\dhcpcsvc6.DLL
0x00007ffe70a50000 - 0x00007ffe70a6a000 	C:\WINDOWS\SYSTEM32\dhcpcsvc.DLL
0x00007ffe6b1b0000 - 0x00007ffe6b378000 	C:\WINDOWS\SYSTEM32\dbghelp.dll

VM Arguments:
jvm_args: -XX:TieredStopAtLevel=1 -Xverify:none -Dspring.output.ansi.enabled=always -Dcom.sun.management.jmxremote -Dcom.sun.management.jmxremote.port=62830 -Dcom.sun.management.jmxremote.authenticate=false -Dcom.sun.management.jmxremote.ssl=false -Djava.rmi.server.hostname=localhost -Dspring.liveBeansView.mbeanDomain -Dspring.application.admin.enabled=true -javaagent:C:\Program Files\JetBrains\IntelliJ IDEA 2018.1.4\lib\idea_rt.jar=62831:C:\Program Files\JetBrains\IntelliJ IDEA 2018.1.4\bin -Dfile.encoding=UTF-8 
java_command: com.sit.SpringbootApplication
java_class_path (initial): C:\Program Files\Java\jdk1.8.0_172\jre\lib\charsets.jar;C:\Program Files\Java\jdk1.8.0_172\jre\lib\deploy.jar;C:\Program Files\Java\jdk1.8.0_172\jre\lib\ext\access-bridge-64.jar;C:\Program Files\Java\jdk1.8.0_172\jre\lib\ext\cldrdata.jar;C:\Program Files\Java\jdk1.8.0_172\jre\lib\ext\dnsns.jar;C:\Program Files\Java\jdk1.8.0_172\jre\lib\ext\jaccess.jar;C:\Program Files\Java\jdk1.8.0_172\jre\lib\ext\jfxrt.jar;C:\Program Files\Java\jdk1.8.0_172\jre\lib\ext\localedata.jar;C:\Program Files\Java\jdk1.8.0_172\jre\lib\ext\nashorn.jar;C:\Program Files\Java\jdk1.8.0_172\jre\lib\ext\sunec.jar;C:\Program Files\Java\jdk1.8.0_172\jre\lib\ext\sunjce_provider.jar;C:\Program Files\Java\jdk1.8.0_172\jre\lib\ext\sunmscapi.jar;C:\Program Files\Java\jdk1.8.0_172\jre\lib\ext\sunpkcs11.jar;C:\Program Files\Java\jdk1.8.0_172\jre\lib\ext\zipfs.jar;C:\Program Files\Java\jdk1.8.0_172\jre\lib\javaws.jar;C:\Program Files\Java\jdk1.8.0_172\jre\lib\jce.jar;C:\Program Files\Java\jdk1.8.0_172\jre\lib\jfr.jar;C:\Program Files\Java\jdk1.8.0_172\jre\lib\jfxswt.jar;C:\Program Files\Java\jdk1.8.0_172\jre\lib\jsse.jar;C:\Program Files\Java\jdk1.8.0_172\jre\lib\management-agent.jar;C:\Program Files\Java\jdk1.8.0_172\jre\lib\plugin.jar;C:\Program Files\Java\jdk1.8.0_172\jre\lib\resources.jar;C:\Program Files\Java\jdk1.8.0_172\jre\lib\rt.jar;D:\HospitalMSDB\target\classes;C:\Users\asus\.m2\repository\org\springframework\boot\spring-boot-starter-web\2.0.2.RELEASE\spring-boot-starter-web-2.0.2.RELEASE.jar;C:\Users\asus\.m2\repository\org\springframework\boot\spring-boot-starter\2.0.2.RELEASE\spring-boot-starter-2.0.2.RELEASE.jar;C:\Users\asus\.m2\repository\org\springframework\boot\spring-boot-starter-logging\2.0.2.RELEASE\spring-boot-starter-logging-2.0.2.RELEASE.jar;C:\Users\asus\.m2\repository\ch\qos\logback\logback-classic\1.2.3\logback-classic-1.2.3.jar;C:\Users\asus\.m2\repository\ch\qos\logback\logback-core\1.2.3\logback-core-1.2.3.jar;C:\Users\asus\.m2\repository\org\apach
Launcher Type: SUN_STANDARD

Environment Variables:
JAVA_HOME=C:\Program Files\Java\jdk1.8.0_172
CLASSPATH=.;C:\Program Files\Java\jdk1.8.0_172\lib;C:\Program Files\Java\jdk1.8.0_172\lib\tools.jar
PATH=C:\Program Files (x86)\Intel\iCLS Client\;C:\Program Files\Intel\iCLS Client\;C:\Windows\system32;C:\Windows;C:\Windows\System32\Wbem;C:\Windows\System32\WindowsPowerShell\v1.0\;C:\Program Files (x86)\Intel\Intel(R) Management Engine Components\DAL;C:\Program Files\Intel\Intel(R) Management Engine Components\DAL;C:\Program Files (x86)\Intel\Intel(R) Management Engine Components\IPT;C:\Program Files\Intel\Intel(R) Management Engine Components\IPT;C:\Program Files (x86)\NVIDIA Corporation\PhysX\Common;C:\WINDOWS\system32;C:\WINDOWS;C:\WINDOWS\System32\Wbem;C:\WINDOWS\System32\WindowsPowerShell\v1.0\;C:\Program Files\Java\jdk1.8.0_172\bin;C:\Program Files\Java\jdk1.8.0_172\jre\bin;C:\Program Files\MySQL\MySQL Utilities 1.6\;C:\apache-tomcat-9.0.4\lib;C:\apache-tomcat-9.0.4\bin;C:\Users\asus\AppData\Local\Microsoft\WindowsApps;
USERNAME=asus
OS=Windows_NT
PROCESSOR_IDENTIFIER=Intel64 Family 6 Model 60 Stepping 3, GenuineIntel



---------------  S Y S T E M  ---------------

OS: Windows 10.0 , 64 bit Build 16299 (10.0.16299.15)

CPU:total 8 (initial active 8) (4 cores per cpu, 2 threads per core) family 6 model 60 stepping 3, cmov, cx8, fxsr, mmx, sse, sse2, sse3, ssse3, sse4.1, sse4.2, popcnt, avx, avx2, aes, clmul, erms, lzcnt, ht, tsc, tscinvbit, bmi1, bmi2

Memory: 4k page, physical 16663528k(10050140k free), swap 19153896k(10898200k free)

vm_info: Java HotSpot(TM) 64-Bit Server VM (25.172-b11) for windows-amd64 JRE (1.8.0_172-b11), built on Mar 28 2018 21:21:52 by "java_re" with MS VC++ 10.0 (VS2010)

time: Sun Jun 10 21:08:50 2018
elapsed time: 1 seconds (0d 0h 0m 1s)

