#
# A fatal error has been detected by the Java Runtime Environment:
#
#  EXCEPTION_ACCESS_VIOLATION (0xc0000005) at pc=0x0000000072dfa7a4, pid=20892, tid=0x0000000000002314
#
# JRE version: Java(TM) SE Runtime Environment (8.0_172-b11) (build 1.8.0_172-b11)
# Java VM: Java HotSpot(TM) 64-Bit Server VM (25.172-b11 mixed mode windows-amd64 compressed oops)
# Problematic frame:
# V  [jvm.dll+0x5a7a4]
#
# Failed to write core dump. Minidumps are not enabled by default on client versions of Windows
#
# If you would like to submit a bug report, please visit:
#   http://bugreport.java.com/bugreport/crash.jsp
#

---------------  T H R E A D  ---------------

Current thread (0x0000000005877000):  JavaThread "main" [_thread_in_vm, idNo=8980, stack(0x00000000055b0000,0x00000000056b0000)]

siginfo: ExceptionCode=0xc0000005, reading address 0x0000000036fadef5

Registers:
RAX=0x0000000036fadef5, RBX=0x0000000005877630, RCX=0x00000000056acc20, RDX=0x00000000056ac790
RSP=0x00000000056ac400, RBP=0x00000000056ac510, RSI=0x0000000005877000, RDI=0x000000000512cca0
R8 =0x00000000056ace40, R9 =0x0000000000000000, R10=0x00000000056acc20, R11=0x0000000000000246
R12=0x0000000005877670, R13=0x0000000005877a18, R14=0x00000000000003d8, R15=0x00000000056ac790
RIP=0x0000000072dfa7a4, EFLAGS=0x0000000000010246

Top of Stack: (sp=0x00000000056ac400)
0x00000000056ac400:   00000000056ac790 00000000058c5070
0x00000000056ac410:   0000000000000008 0000000005877000
0x00000000056ac420:   0000000000000000 0000000000000000
0x00000000056ac430:   0000000000000000 0000000000000000
0x00000000056ac440:   0000000000000000 0000000000000000
0x00000000056ac450:   0000000000000000 0000000000000000
0x00000000056ac460:   0000000000000000 0000000000000000
0x00000000056ac470:   0000000000000000 0000000000000000
0x00000000056ac480:   0000000005877000 000000001f0c3028
0x00000000056ac490:   0000000000000000 0000000000000000
0x00000000056ac4a0:   00000000056ac501 000000000512cca0
0x00000000056ac4b0:   0000000005877630 0000000005877670
0x00000000056ac4c0:   0000000005877a18 00000000000003d8
0x00000000056ac4d0:   0001000000010009 000000000512ccc0
0x00000000056ac4e0:   000000000512ccb0 000000000512ccb8
0x00000000056ac4f0:   0000000700020001 000000e6056a0000 

Instructions: (pc=0x0000000072dfa7a4)
0x0000000072dfa784:   8b 45 d0 48 8b 4d d8 48 89 18 4c 89 21 48 8b 4d
0x0000000072dfa794:   c8 4c 89 29 49 8b c7 e9 bb 15 00 00 49 8b 40 10
0x0000000072dfa7a4:   0f b7 08 48 8d 50 02 49 89 50 10 0f b6 c1 66 89
0x0000000072dfa7b4:   8d a8 00 00 00 0f b7 0a 66 c1 e0 08 44 0f b7 f8 


Register to memory mapping:

RAX=0x0000000036fadef5 is an unknown value
RBX=0x0000000005877630 is an unknown value
RCX=0x00000000056acc20 is pointing into the stack for thread: 0x0000000005877000
RDX=0x00000000056ac790 is pointing into the stack for thread: 0x0000000005877000
RSP=0x00000000056ac400 is pointing into the stack for thread: 0x0000000005877000
RBP=0x00000000056ac510 is pointing into the stack for thread: 0x0000000005877000
RSI=0x0000000005877000 is a thread
RDI=0x000000000512cca0 is an unknown value
R8 =0x00000000056ace40 is pointing into the stack for thread: 0x0000000005877000
R9 =0x0000000000000000 is an unknown value
R10=0x00000000056acc20 is pointing into the stack for thread: 0x0000000005877000
R11=0x0000000000000246 is an unknown value
R12=0x0000000005877670 is an unknown value
R13=0x0000000005877a18 is an unknown value
R14=0x00000000000003d8 is an unknown value
R15=0x00000000056ac790 is pointing into the stack for thread: 0x0000000005877000


Stack: [0x00000000055b0000,0x00000000056b0000],  sp=0x00000000056ac400,  free space=1009k
Native frames: (J=compiled Java code, j=interpreted, Vv=VM code, C=native code)
V  [jvm.dll+0x5a7a4]
V  [jvm.dll+0x5be9e]
V  [jvm.dll+0x5db11]
V  [jvm.dll+0x7cca4]
V  [jvm.dll+0x192f41]
V  [jvm.dll+0x1932db]
C  [java.dll+0x1ead]
C  0x0000000005988c67

Java frames: (J=compiled Java code, j=interpreted, Vv=VM code)
j  java.lang.ClassLoader.defineClass1(Ljava/lang/String;[BIILjava/security/ProtectionDomain;Ljava/lang/String;)Ljava/lang/Class;+0
j  java.lang.ClassLoader.defineClass(Ljava/lang/String;[BIILjava/security/ProtectionDomain;)Ljava/lang/Class;+27
j  java.security.SecureClassLoader.defineClass(Ljava/lang/String;[BIILjava/security/CodeSource;)Ljava/lang/Class;+12
j  java.net.URLClassLoader.defineClass(Ljava/lang/String;Lsun/misc/Resource;)Ljava/lang/Class;+138
j  java.net.URLClassLoader.access$100(Ljava/net/URLClassLoader;Ljava/lang/String;Lsun/misc/Resource;)Ljava/lang/Class;+3
j  java.net.URLClassLoader$1.run()Ljava/lang/Class;+43
j  java.net.URLClassLoader$1.run()Ljava/lang/Object;+1
v  ~StubRoutines::call_stub
j  java.security.AccessController.doPrivileged(Ljava/security/PrivilegedExceptionAction;Ljava/security/AccessControlContext;)Ljava/lang/Object;+0
j  java.net.URLClassLoader.findClass(Ljava/lang/String;)Ljava/lang/Class;+13
j  java.lang.ClassLoader.loadClass(Ljava/lang/String;Z)Ljava/lang/Class;+70
j  sun.misc.Launcher$AppClassLoader.loadClass(Ljava/lang/String;Z)Ljava/lang/Class;+81
j  java.lang.ClassLoader.loadClass(Ljava/lang/String;)Ljava/lang/Class;+3
v  ~StubRoutines::call_stub
j  com.sit.SpringbootApplication.main([Ljava/lang/String;)V+3
v  ~StubRoutines::call_stub

---------------  P R O C E S S  ---------------

Java Threads: ( => current thread )
  0x0000000021fa1000 JavaThread "RMI TCP Accept-0" daemon [_thread_in_native, idNo=992, stack(0x0000000022ac0000,0x0000000022bc0000)]
  0x0000000021f8d000 JavaThread "RMI TCP Accept-62760" daemon [_thread_in_native, idNo=19452, stack(0x00000000229c0000,0x0000000022ac0000)]
  0x0000000021f8b000 JavaThread "RMI TCP Accept-0" daemon [_thread_in_native, idNo=10716, stack(0x00000000228c0000,0x00000000229c0000)]
  0x0000000021d66800 JavaThread "Service Thread" daemon [_thread_blocked, idNo=20064, stack(0x00000000227c0000,0x00000000228c0000)]
  0x0000000021cc9000 JavaThread "C1 CompilerThread3" daemon [_thread_blocked, idNo=19672, stack(0x00000000226c0000,0x00000000227c0000)]
  0x0000000021cc1000 JavaThread "C2 CompilerThread2" daemon [_thread_blocked, idNo=18120, stack(0x00000000225c0000,0x00000000226c0000)]
  0x0000000021cc0800 JavaThread "C2 CompilerThread1" daemon [_thread_blocked, idNo=20756, stack(0x00000000224c0000,0x00000000225c0000)]
  0x000000002165c000 JavaThread "C2 CompilerThread0" daemon [_thread_blocked, idNo=15908, stack(0x0000000021bc0000,0x0000000021cc0000)]
  0x00000000215ea800 JavaThread "Monitor Ctrl-Break" daemon [_thread_in_native, idNo=10328, stack(0x0000000021ac0000,0x0000000021bc0000)]
  0x000000002129b800 JavaThread "Attach Listener" daemon [_thread_blocked, idNo=9576, stack(0x00000000219c0000,0x0000000021ac0000)]
  0x00000000212f8000 JavaThread "Signal Dispatcher" daemon [_thread_blocked, idNo=15176, stack(0x00000000218c0000,0x00000000219c0000)]
  0x000000000596d800 JavaThread "Finalizer" daemon [_thread_blocked, idNo=14296, stack(0x0000000021660000,0x0000000021760000)]
  0x000000000596c000 JavaThread "Reference Handler" daemon [_thread_blocked, idNo=20048, stack(0x0000000021160000,0x0000000021260000)]
=>0x0000000005877000 JavaThread "main" [_thread_in_vm, idNo=8980, stack(0x00000000055b0000,0x00000000056b0000)]

Other Threads:
  0x000000001f399800 VMThread [stack: 0x0000000021060000,0x0000000021160000] [idNo=17188]
  0x0000000021fa1800 WatcherThread [stack: 0x0000000022bc0000,0x0000000022cc0000] [idNo=13268]

VM state:not at safepoint (normal execution)

VM Mutex/Monitor currently owned by a thread: None

Heap:
 PSYoungGen      total 76288K, used 18372K [0x000000076b380000, 0x0000000770880000, 0x00000007c0000000)
  eden space 65536K, 28% used [0x000000076b380000,0x000000076c571260,0x000000076f380000)
  from space 10752K, 0% used [0x000000076fe00000,0x000000076fe00000,0x0000000770880000)
  to   space 10752K, 0% used [0x000000076f380000,0x000000076f380000,0x000000076fe00000)
 ParOldGen       total 175104K, used 0K [0x00000006c1a00000, 0x00000006cc500000, 0x000000076b380000)
  object space 175104K, 0% used [0x00000006c1a00000,0x00000006c1a00000,0x00000006cc500000)
 Metaspace       used 8114K, capacity 8366K, committed 8576K, reserved 1056768K
  class space    used 988K, capacity 1058K, committed 1152K, reserved 1048576K

Card table byte_map: [0x0000000014d30000,0x0000000015530000] byte_map_base: 0x0000000011723000

Marking Bits: (ParMarkBitMap*) 0x00000000735c3c10
 Begin Bits: [0x0000000016280000, 0x000000001a218000)
 End Bits:   [0x000000001a218000, 0x000000001e1b0000)

Polling page: 0x0000000003910000

CodeCache: size=245760Kb used=1821Kb max_used=1821Kb free=243938Kb
 bounds [0x0000000005970000, 0x0000000005be0000, 0x0000000014970000]
 total_blobs=880 nmethods=534 adapters=259
 compilation: enabled

Compilation events (10 events):
Event: 0.642 Thread 0x0000000021cc9000  530       1       java.nio.Buffer::checkIndex (22 bytes)
Event: 0.642 Thread 0x0000000021cc9000 nmethod 530 0x0000000005b35790 code [0x0000000005b35900, 0x0000000005b35ac8]
Event: 0.642 Thread 0x0000000021cc9000  531       1       java.nio.DirectLongBufferU::ix (10 bytes)
Event: 0.642 Thread 0x0000000021cc9000 nmethod 531 0x0000000005b35b90 code [0x0000000005b35ce0, 0x0000000005b35df0]
Event: 0.642 Thread 0x0000000021cc9000  532       1       sun.net.www.ParseUtil::encodePath (336 bytes)
Event: 0.643 Thread 0x0000000021cc9000 nmethod 532 0x0000000005b35e50 code [0x0000000005b36060, 0x0000000005b36938]
Event: 0.643 Thread 0x0000000021cc9000  533       1       java.util.zip.Inflater::ensureOpen (47 bytes)
Event: 0.643 Thread 0x0000000021cc9000 nmethod 533 0x0000000005b36fd0 code [0x0000000005b37140, 0x0000000005b37328]
Event: 0.643 Thread 0x0000000021cc9000  534       1       java.net.URL::getHost (5 bytes)
Event: 0.643 Thread 0x0000000021cc9000 nmethod 534 0x0000000005b37410 code [0x0000000005b37560, 0x0000000005b37670]

GC Heap History (0 events):
No events

Deoptimization events (0 events):
No events

Classes redefined (0 events):
No events

Internal exceptions (10 events):
Event: 0.389 Thread 0x0000000005877000 Exception <a 'java/lang/ArrayIndexOutOfBoundsException'> (0x000000076ba76d88) thrown at [C:\re\workspace\8-2-build-windows-amd64-cygwin\jdk8u172\10810\hotspot\src\share\vm\runtime\sharedRuntime.cpp, line 605]
Event: 0.394 Thread 0x0000000005877000 Exception <a 'java/lang/ArrayIndexOutOfBoundsException'> (0x000000076baa39b0) thrown at [C:\re\workspace\8-2-build-windows-amd64-cygwin\jdk8u172\10810\hotspot\src\share\vm\runtime\sharedRuntime.cpp, line 605]
Event: 0.399 Thread 0x0000000005877000 Exception <a 'java/lang/ArrayIndexOutOfBoundsException'> (0x000000076bac42f8) thrown at [C:\re\workspace\8-2-build-windows-amd64-cygwin\jdk8u172\10810\hotspot\src\share\vm\runtime\sharedRuntime.cpp, line 605]
Event: 0.424 Thread 0x0000000005877000 Exception <a 'java/security/PrivilegedActionException'> (0x000000076bb1f908) thrown at [C:\re\workspace\8-2-build-windows-amd64-cygwin\jdk8u172\10810\hotspot\src\share\vm\prims\jvm.cpp, line 1435]
Event: 0.424 Thread 0x0000000005877000 Exception <a 'java/security/PrivilegedActionException'> (0x000000076bb1fb18) thrown at [C:\re\workspace\8-2-build-windows-amd64-cygwin\jdk8u172\10810\hotspot\src\share\vm\prims\jvm.cpp, line 1435]
Event: 0.425 Thread 0x0000000005877000 Exception <a 'java/security/PrivilegedActionException'> (0x000000076bb23a28) thrown at [C:\re\workspace\8-2-build-windows-amd64-cygwin\jdk8u172\10810\hotspot\src\share\vm\prims\jvm.cpp, line 1435]
Event: 0.425 Thread 0x0000000005877000 Exception <a 'java/security/PrivilegedActionException'> (0x000000076bb23c38) thrown at [C:\re\workspace\8-2-build-windows-amd64-cygwin\jdk8u172\10810\hotspot\src\share\vm\prims\jvm.cpp, line 1435]
Event: 0.542 Thread 0x0000000005877000 Exception <a 'java/lang/ClassNotFoundException': javax/management/remote/rmi/RMIJRMPServerImpl$ExportedWrapper_Stub> (0x000000076bd15128) thrown at [C:\re\workspace\8-2-build-windows-amd64-cygwin\jdk8u172\10810\hotspot\src\share\vm\classfile\systemDiction
Event: 0.580 Thread 0x0000000005877000 Exception <a 'java/lang/NoSuchFieldError': method resolution failed> (0x000000076be60fb8) thrown at [C:\re\workspace\8-2-build-windows-amd64-cygwin\jdk8u172\10810\hotspot\src\share\vm\prims\methodHandles.cpp, line 1167]
Event: 0.582 Thread 0x0000000005877000 Exception <a 'java/lang/NoSuchFieldError': method resolution failed> (0x000000076be6f200) thrown at [C:\re\workspace\8-2-build-windows-amd64-cygwin\jdk8u172\10810\hotspot\src\share\vm\prims\methodHandles.cpp, line 1167]

Events (10 events):
Event: 0.638 loading class sun/launcher/LauncherHelper
Event: 0.638 loading class sun/launcher/LauncherHelper done
Event: 0.638 loading class com/sit/SpringbootApplication
Event: 0.638 loading class com/sit/SpringbootApplication done
Event: 0.640 loading class sun/misc/URLClassPath$FileLoader$1
Event: 0.641 loading class sun/misc/URLClassPath$FileLoader$1 done
Event: 0.642 loading class sun/launcher/LauncherHelper$FXHelper
Event: 0.642 loading class sun/launcher/LauncherHelper$FXHelper done
Event: 0.642 loading class org/springframework/boot/SpringApplication
Event: 0.642 loading class org/springframework/boot/SpringApplication done


Dynamic libraries:
0x00007ff655e50000 - 0x00007ff655e87000 	C:\Program Files\Java\jdk1.8.0_172\bin\java.exe
0x00007ffe78ab0000 - 0x00007ffe78c90000 	C:\WINDOWS\SYSTEM32\ntdll.dll
0x00007ffe762b0000 - 0x00007ffe7635e000 	C:\WINDOWS\System32\KERNEL32.DLL
0x00007ffe74eb0000 - 0x00007ffe75116000 	C:\WINDOWS\System32\KERNELBASE.dll
0x00007ffe77d70000 - 0x00007ffe77e11000 	C:\WINDOWS\System32\ADVAPI32.dll
0x00007ffe78580000 - 0x00007ffe7861d000 	C:\WINDOWS\System32\msvcrt.dll
0x00007ffe76580000 - 0x00007ffe765db000 	C:\WINDOWS\System32\sechost.dll
0x00007ffe78130000 - 0x00007ffe7824f000 	C:\WINDOWS\System32\RPCRT4.dll
0x00007ffe760b0000 - 0x00007ffe7623f000 	C:\WINDOWS\System32\USER32.dll
0x00007ffe75f60000 - 0x00007ffe75f80000 	C:\WINDOWS\System32\win32u.dll
0x00007ffe77d40000 - 0x00007ffe77d68000 	C:\WINDOWS\System32\GDI32.dll
0x00007ffe75320000 - 0x00007ffe754b3000 	C:\WINDOWS\System32\gdi32full.dll
0x00007ffe75280000 - 0x00007ffe7531b000 	C:\WINDOWS\System32\msvcp_win.dll
0x00007ffe75120000 - 0x00007ffe75216000 	C:\WINDOWS\System32\ucrtbase.dll
0x00007ffe6b940000 - 0x00007ffe6bba9000 	C:\WINDOWS\WinSxS\amd64_microsoft.windows.common-controls_6595b64144ccf1df_6.0.16299.371_none_15c7d1789365a290\COMCTL32.dll
0x00007ffe77e20000 - 0x00007ffe78128000 	C:\WINDOWS\System32\combase.dll
0x00007ffe75c60000 - 0x00007ffe75cd2000 	C:\WINDOWS\System32\bcryptPrimitives.dll
0x00007ffe76750000 - 0x00007ffe7677d000 	C:\WINDOWS\System32\IMM32.DLL
0x0000000074290000 - 0x0000000074362000 	C:\Program Files\Java\jdk1.8.0_172\jre\bin\msvcr100.dll
0x0000000072da0000 - 0x0000000073643000 	C:\Program Files\Java\jdk1.8.0_172\jre\bin\server\jvm.dll
0x00007ffe78620000 - 0x00007ffe78628000 	C:\WINDOWS\System32\PSAPI.DLL
0x00007ffe6ce70000 - 0x00007ffe6ce79000 	C:\WINDOWS\SYSTEM32\WSOCK32.dll
0x00007ffe76240000 - 0x00007ffe762ac000 	C:\WINDOWS\System32\WS2_32.dll
0x00007ffe71e40000 - 0x00007ffe71e63000 	C:\WINDOWS\SYSTEM32\WINMM.dll
0x00007ffe6f7e0000 - 0x00007ffe6f7ea000 	C:\WINDOWS\SYSTEM32\VERSION.dll
0x00007ffe71e10000 - 0x00007ffe71e3a000 	C:\WINDOWS\SYSTEM32\winmmbase.dll
0x00007ffe754c0000 - 0x00007ffe7550a000 	C:\WINDOWS\System32\cfgmgr32.dll
0x0000000074540000 - 0x000000007454f000 	C:\Program Files\Java\jdk1.8.0_172\jre\bin\verify.dll
0x0000000074510000 - 0x0000000074539000 	C:\Program Files\Java\jdk1.8.0_172\jre\bin\java.dll
0x0000000072c90000 - 0x0000000072cb3000 	C:\Program Files\Java\jdk1.8.0_172\jre\bin\instrument.dll
0x00000000744f0000 - 0x0000000074506000 	C:\Program Files\Java\jdk1.8.0_172\jre\bin\zip.dll
0x00007ffe76780000 - 0x00007ffe77bb6000 	C:\WINDOWS\System32\SHELL32.dll
0x00007ffe784d0000 - 0x00007ffe78576000 	C:\WINDOWS\System32\shcore.dll
0x00007ffe75510000 - 0x00007ffe75c57000 	C:\WINDOWS\System32\windows.storage.dll
0x00007ffe78470000 - 0x00007ffe784c1000 	C:\WINDOWS\System32\shlwapi.dll
0x00007ffe74e00000 - 0x00007ffe74e11000 	C:\WINDOWS\System32\kernel.appcore.dll
0x00007ffe74e20000 - 0x00007ffe74e6c000 	C:\WINDOWS\System32\powrprof.dll
0x00007ffe74e90000 - 0x00007ffe74eab000 	C:\WINDOWS\System32\profapi.dll
0x00007ffe67910000 - 0x00007ffe6792a000 	C:\Program Files\JetBrains\IntelliJ IDEA 2018.1.4\bin\breakgen64.dll
0x00000000744d0000 - 0x00000000744ea000 	C:\Program Files\Java\jdk1.8.0_172\jre\bin\net.dll
0x00007ffe74620000 - 0x00007ffe74686000 	C:\WINDOWS\system32\mswsock.dll
0x0000000074450000 - 0x000000007445d000 	C:\Program Files\Java\jdk1.8.0_172\jre\bin\management.dll
0x00000000744b0000 - 0x00000000744c1000 	C:\Program Files\Java\jdk1.8.0_172\jre\bin\nio.dll
0x00007ffe64ea0000 - 0x00007ffe64eb6000 	C:\WINDOWS\system32\napinsp.dll
0x00007ffe64a20000 - 0x00007ffe64a3a000 	C:\WINDOWS\system32\pnrpnsp.dll
0x00007ffe71a30000 - 0x00007ffe71a48000 	C:\WINDOWS\system32\NLAapi.dll
0x00007ffe743f0000 - 0x00007ffe744a6000 	C:\WINDOWS\SYSTEM32\DNSAPI.dll
0x00007ffe76510000 - 0x00007ffe76518000 	C:\WINDOWS\System32\NSI.dll
0x00007ffe743b0000 - 0x00007ffe743e9000 	C:\WINDOWS\SYSTEM32\IPHLPAPI.DLL
0x00007ffe64a10000 - 0x00007ffe64a1e000 	C:\WINDOWS\System32\winrnr.dll
0x00007ffe649f0000 - 0x00007ffe64a05000 	C:\WINDOWS\System32\wshbth.dll
0x00007ffe67cf0000 - 0x00007ffe67cfa000 	C:\Windows\System32\rasadhlp.dll
0x00007ffe6abf0000 - 0x00007ffe6ac60000 	C:\WINDOWS\System32\fwpuclnt.dll
0x00007ffe748f0000 - 0x00007ffe74915000 	C:\WINDOWS\SYSTEM32\bcrypt.dll
0x00007ffe747e0000 - 0x00007ffe747f7000 	C:\WINDOWS\SYSTEM32\CRYPTSP.dll
0x00007ffe74220000 - 0x00007ffe74253000 	C:\WINDOWS\system32\rsaenh.dll
0x00007ffe74cc0000 - 0x00007ffe74ce9000 	C:\WINDOWS\SYSTEM32\USERENV.dll
0x00007ffe74800000 - 0x00007ffe7480b000 	C:\WINDOWS\SYSTEM32\CRYPTBASE.dll
0x00007ffe6fb30000 - 0x00007ffe6fb46000 	C:\WINDOWS\SYSTEM32\dhcpcsvc6.DLL
0x00007ffe70a50000 - 0x00007ffe70a6a000 	C:\WINDOWS\SYSTEM32\dhcpcsvc.DLL
0x00007ffe6b1b0000 - 0x00007ffe6b378000 	C:\WINDOWS\SYSTEM32\dbghelp.dll

VM Arguments:
jvm_args: -XX:TieredStopAtLevel=1 -Xverify:none -Dspring.output.ansi.enabled=always -Dcom.sun.management.jmxremote -Dcom.sun.management.jmxremote.port=62760 -Dcom.sun.management.jmxremote.authenticate=false -Dcom.sun.management.jmxremote.ssl=false -Djava.rmi.server.hostname=localhost -Dspring.liveBeansView.mbeanDomain -Dspring.application.admin.enabled=true -javaagent:C:\Program Files\JetBrains\IntelliJ IDEA 2018.1.4\lib\idea_rt.jar=62761:C:\Program Files\JetBrains\IntelliJ IDEA 2018.1.4\bin -Dfile.encoding=UTF-8 
java_command: com.sit.SpringbootApplication
java_class_path (initial): C:\Program Files\Java\jdk1.8.0_172\jre\lib\charsets.jar;C:\Program Files\Java\jdk1.8.0_172\jre\lib\deploy.jar;C:\Program Files\Java\jdk1.8.0_172\jre\lib\ext\access-bridge-64.jar;C:\Program Files\Java\jdk1.8.0_172\jre\lib\ext\cldrdata.jar;C:\Program Files\Java\jdk1.8.0_172\jre\lib\ext\dnsns.jar;C:\Program Files\Java\jdk1.8.0_172\jre\lib\ext\jaccess.jar;C:\Program Files\Java\jdk1.8.0_172\jre\lib\ext\jfxrt.jar;C:\Program Files\Java\jdk1.8.0_172\jre\lib\ext\localedata.jar;C:\Program Files\Java\jdk1.8.0_172\jre\lib\ext\nashorn.jar;C:\Program Files\Java\jdk1.8.0_172\jre\lib\ext\sunec.jar;C:\Program Files\Java\jdk1.8.0_172\jre\lib\ext\sunjce_provider.jar;C:\Program Files\Java\jdk1.8.0_172\jre\lib\ext\sunmscapi.jar;C:\Program Files\Java\jdk1.8.0_172\jre\lib\ext\sunpkcs11.jar;C:\Program Files\Java\jdk1.8.0_172\jre\lib\ext\zipfs.jar;C:\Program Files\Java\jdk1.8.0_172\jre\lib\javaws.jar;C:\Program Files\Java\jdk1.8.0_172\jre\lib\jce.jar;C:\Program Files\Java\jdk1.8.0_172\jre\lib\jfr.jar;C:\Program Files\Java\jdk1.8.0_172\jre\lib\jfxswt.jar;C:\Program Files\Java\jdk1.8.0_172\jre\lib\jsse.jar;C:\Program Files\Java\jdk1.8.0_172\jre\lib\management-agent.jar;C:\Program Files\Java\jdk1.8.0_172\jre\lib\plugin.jar;C:\Program Files\Java\jdk1.8.0_172\jre\lib\resources.jar;C:\Program Files\Java\jdk1.8.0_172\jre\lib\rt.jar;D:\HospitalMSDB\target\classes;C:\Users\asus\.m2\repository\org\springframework\boot\spring-boot-starter-web\2.0.2.RELEASE\spring-boot-starter-web-2.0.2.RELEASE.jar;C:\Users\asus\.m2\repository\org\springframework\boot\spring-boot-starter\2.0.2.RELEASE\spring-boot-starter-2.0.2.RELEASE.jar;C:\Users\asus\.m2\repository\org\springframework\boot\spring-boot-starter-logging\2.0.2.RELEASE\spring-boot-starter-logging-2.0.2.RELEASE.jar;C:\Users\asus\.m2\repository\ch\qos\logback\logback-classic\1.2.3\logback-classic-1.2.3.jar;C:\Users\asus\.m2\repository\ch\qos\logback\logback-core\1.2.3\logback-core-1.2.3.jar;C:\Users\asus\.m2\repository\org\apach
Launcher Type: SUN_STANDARD

Environment Variables:
JAVA_HOME=C:\Program Files\Java\jdk1.8.0_172
CLASSPATH=.;C:\Program Files\Java\jdk1.8.0_172\lib;C:\Program Files\Java\jdk1.8.0_172\lib\tools.jar
PATH=C:\Program Files (x86)\Intel\iCLS Client\;C:\Program Files\Intel\iCLS Client\;C:\Windows\system32;C:\Windows;C:\Windows\System32\Wbem;C:\Windows\System32\WindowsPowerShell\v1.0\;C:\Program Files (x86)\Intel\Intel(R) Management Engine Components\DAL;C:\Program Files\Intel\Intel(R) Management Engine Components\DAL;C:\Program Files (x86)\Intel\Intel(R) Management Engine Components\IPT;C:\Program Files\Intel\Intel(R) Management Engine Components\IPT;C:\Program Files (x86)\NVIDIA Corporation\PhysX\Common;C:\WINDOWS\system32;C:\WINDOWS;C:\WINDOWS\System32\Wbem;C:\WINDOWS\System32\WindowsPowerShell\v1.0\;C:\Program Files\Java\jdk1.8.0_172\bin;C:\Program Files\Java\jdk1.8.0_172\jre\bin;C:\Program Files\MySQL\MySQL Utilities 1.6\;C:\apache-tomcat-9.0.4\lib;C:\apache-tomcat-9.0.4\bin;C:\Users\asus\AppData\Local\Microsoft\WindowsApps;
USERNAME=asus
OS=Windows_NT
PROCESSOR_IDENTIFIER=Intel64 Family 6 Model 60 Stepping 3, GenuineIntel



---------------  S Y S T E M  ---------------

OS: Windows 10.0 , 64 bit Build 16299 (10.0.16299.15)

CPU:total 8 (initial active 8) (4 cores per cpu, 2 threads per core) family 6 model 60 stepping 3, cmov, cx8, fxsr, mmx, sse, sse2, sse3, ssse3, sse4.1, sse4.2, popcnt, avx, avx2, aes, clmul, erms, lzcnt, ht, tsc, tscinvbit, bmi1, bmi2

Memory: 4k page, physical 16663528k(9666124k free), swap 19153896k(10217840k free)

vm_info: Java HotSpot(TM) 64-Bit Server VM (25.172-b11) for windows-amd64 JRE (1.8.0_172-b11), built on Mar 28 2018 21:21:52 by "java_re" with MS VC++ 10.0 (VS2010)

time: Sun Jun 10 21:05:55 2018
elapsed time: 0 seconds (0d 0h 0m 0s)

